Терминалы не используются в грамматике

   LROOT
   RROT
   LSQRT
   RSQRT


Грамматика

    0 $accept: list $end

    1 list: stm
    2     | list stm

    3 stm: LNUM stm RNUM
    4    | LID stm RID
    5    | LFRAC stm stm RFRAC
    6    | LFENCED list RFENCED
    7    | LROW list RROW
    8    | LROW list RROW END_OF_FILE
    9    | binop
   10    | NUMBER
   11    | ID
   12    | LSUP stm stm RSUP

   13 binop: stm LOPER ADD ROPER stm
   14      | stm LOPER EQ ROPER stm
   15      | stm LOPER SUB ROPER stm
   16      | stm LOPER MUL ROPER stm
   17      | stm LOPER DIV ROPER stm


Терминальные символы с правилами, в которых они появляются

$end (0) 0
error (256)
NUMBER (258) 10
ID (259) 11
ADD (260) 13
MUL (261) 16
SUB (262) 15
DIV (263) 17
EQ (264) 14
LOPER (265) 13 14 15 16 17
ROPER (266) 13 14 15 16 17
LNUM (267) 3
RNUM (268) 3
LID (269) 4
RID (270) 4
LROW (271) 7 8
RROW (272) 7 8
LROOT (273)
RROT (274)
LFRAC (275) 5
RFRAC (276) 5
LSQRT (277)
RSQRT (278)
LSUP (279) 12
RSUP (280) 12
LFENCED (281) 6
RFENCED (282) 6
END_OF_FILE (283) 8


Нетерминальные символы с правилами, в которых они появляются

$accept (29)
    налево: 0
list (30)
    налево: 1 2, направо: 0 2 6 7 8
stm (31)
    налево: 3 4 5 6 7 8 9 10 11 12, направо: 1 2 3 4 5
    12 13 14 15 16 17
binop (32)
    налево: 13 14 15 16 17, направо: 9


State 0

    0 $accept: . list $end
    1 list: . stm
    2     | . list stm
    3 stm: . LNUM stm RNUM
    4    | . LID stm RID
    5    | . LFRAC stm stm RFRAC
    6    | . LFENCED list RFENCED
    7    | . LROW list RROW
    8    | . LROW list RROW END_OF_FILE
    9    | . binop
   10    | . NUMBER
   11    | . ID
   12    | . LSUP stm stm RSUP
   13 binop: . stm LOPER ADD ROPER stm
   14      | . stm LOPER EQ ROPER stm
   15      | . stm LOPER SUB ROPER stm
   16      | . stm LOPER MUL ROPER stm
   17      | . stm LOPER DIV ROPER stm

    NUMBER   сдвиг, и переход в состояние 1
    ID       сдвиг, и переход в состояние 2
    LNUM     сдвиг, и переход в состояние 3
    LID      сдвиг, и переход в состояние 4
    LROW     сдвиг, и переход в состояние 5
    LFRAC    сдвиг, и переход в состояние 6
    LSUP     сдвиг, и переход в состояние 7
    LFENCED  сдвиг, и переход в состояние 8

    list   переход в состояние 9
    stm    переход в состояние 10
    binop  переход в состояние 11


State 1

   10 stm: NUMBER .

    $default  вывод с использованием правила 10 (stm)


State 2

   11 stm: ID .

    $default  вывод с использованием правила 11 (stm)


State 3

    3 stm: . LNUM stm RNUM
    3    | LNUM . stm RNUM
    4    | . LID stm RID
    5    | . LFRAC stm stm RFRAC
    6    | . LFENCED list RFENCED
    7    | . LROW list RROW
    8    | . LROW list RROW END_OF_FILE
    9    | . binop
   10    | . NUMBER
   11    | . ID
   12    | . LSUP stm stm RSUP
   13 binop: . stm LOPER ADD ROPER stm
   14      | . stm LOPER EQ ROPER stm
   15      | . stm LOPER SUB ROPER stm
   16      | . stm LOPER MUL ROPER stm
   17      | . stm LOPER DIV ROPER stm

    NUMBER   сдвиг, и переход в состояние 1
    ID       сдвиг, и переход в состояние 2
    LNUM     сдвиг, и переход в состояние 3
    LID      сдвиг, и переход в состояние 4
    LROW     сдвиг, и переход в состояние 5
    LFRAC    сдвиг, и переход в состояние 6
    LSUP     сдвиг, и переход в состояние 7
    LFENCED  сдвиг, и переход в состояние 8

    stm    переход в состояние 12
    binop  переход в состояние 11


State 4

    3 stm: . LNUM stm RNUM
    4    | . LID stm RID
    4    | LID . stm RID
    5    | . LFRAC stm stm RFRAC
    6    | . LFENCED list RFENCED
    7    | . LROW list RROW
    8    | . LROW list RROW END_OF_FILE
    9    | . binop
   10    | . NUMBER
   11    | . ID
   12    | . LSUP stm stm RSUP
   13 binop: . stm LOPER ADD ROPER stm
   14      | . stm LOPER EQ ROPER stm
   15      | . stm LOPER SUB ROPER stm
   16      | . stm LOPER MUL ROPER stm
   17      | . stm LOPER DIV ROPER stm

    NUMBER   сдвиг, и переход в состояние 1
    ID       сдвиг, и переход в состояние 2
    LNUM     сдвиг, и переход в состояние 3
    LID      сдвиг, и переход в состояние 4
    LROW     сдвиг, и переход в состояние 5
    LFRAC    сдвиг, и переход в состояние 6
    LSUP     сдвиг, и переход в состояние 7
    LFENCED  сдвиг, и переход в состояние 8

    stm    переход в состояние 13
    binop  переход в состояние 11


State 5

    1 list: . stm
    2     | . list stm
    3 stm: . LNUM stm RNUM
    4    | . LID stm RID
    5    | . LFRAC stm stm RFRAC
    6    | . LFENCED list RFENCED
    7    | . LROW list RROW
    7    | LROW . list RROW
    8    | . LROW list RROW END_OF_FILE
    8    | LROW . list RROW END_OF_FILE
    9    | . binop
   10    | . NUMBER
   11    | . ID
   12    | . LSUP stm stm RSUP
   13 binop: . stm LOPER ADD ROPER stm
   14      | . stm LOPER EQ ROPER stm
   15      | . stm LOPER SUB ROPER stm
   16      | . stm LOPER MUL ROPER stm
   17      | . stm LOPER DIV ROPER stm

    NUMBER   сдвиг, и переход в состояние 1
    ID       сдвиг, и переход в состояние 2
    LNUM     сдвиг, и переход в состояние 3
    LID      сдвиг, и переход в состояние 4
    LROW     сдвиг, и переход в состояние 5
    LFRAC    сдвиг, и переход в состояние 6
    LSUP     сдвиг, и переход в состояние 7
    LFENCED  сдвиг, и переход в состояние 8

    list   переход в состояние 14
    stm    переход в состояние 10
    binop  переход в состояние 11


State 6

    3 stm: . LNUM stm RNUM
    4    | . LID stm RID
    5    | . LFRAC stm stm RFRAC
    5    | LFRAC . stm stm RFRAC
    6    | . LFENCED list RFENCED
    7    | . LROW list RROW
    8    | . LROW list RROW END_OF_FILE
    9    | . binop
   10    | . NUMBER
   11    | . ID
   12    | . LSUP stm stm RSUP
   13 binop: . stm LOPER ADD ROPER stm
   14      | . stm LOPER EQ ROPER stm
   15      | . stm LOPER SUB ROPER stm
   16      | . stm LOPER MUL ROPER stm
   17      | . stm LOPER DIV ROPER stm

    NUMBER   сдвиг, и переход в состояние 1
    ID       сдвиг, и переход в состояние 2
    LNUM     сдвиг, и переход в состояние 3
    LID      сдвиг, и переход в состояние 4
    LROW     сдвиг, и переход в состояние 5
    LFRAC    сдвиг, и переход в состояние 6
    LSUP     сдвиг, и переход в состояние 7
    LFENCED  сдвиг, и переход в состояние 8

    stm    переход в состояние 15
    binop  переход в состояние 11


State 7

    3 stm: . LNUM stm RNUM
    4    | . LID stm RID
    5    | . LFRAC stm stm RFRAC
    6    | . LFENCED list RFENCED
    7    | . LROW list RROW
    8    | . LROW list RROW END_OF_FILE
    9    | . binop
   10    | . NUMBER
   11    | . ID
   12    | . LSUP stm stm RSUP
   12    | LSUP . stm stm RSUP
   13 binop: . stm LOPER ADD ROPER stm
   14      | . stm LOPER EQ ROPER stm
   15      | . stm LOPER SUB ROPER stm
   16      | . stm LOPER MUL ROPER stm
   17      | . stm LOPER DIV ROPER stm

    NUMBER   сдвиг, и переход в состояние 1
    ID       сдвиг, и переход в состояние 2
    LNUM     сдвиг, и переход в состояние 3
    LID      сдвиг, и переход в состояние 4
    LROW     сдвиг, и переход в состояние 5
    LFRAC    сдвиг, и переход в состояние 6
    LSUP     сдвиг, и переход в состояние 7
    LFENCED  сдвиг, и переход в состояние 8

    stm    переход в состояние 16
    binop  переход в состояние 11


State 8

    1 list: . stm
    2     | . list stm
    3 stm: . LNUM stm RNUM
    4    | . LID stm RID
    5    | . LFRAC stm stm RFRAC
    6    | . LFENCED list RFENCED
    6    | LFENCED . list RFENCED
    7    | . LROW list RROW
    8    | . LROW list RROW END_OF_FILE
    9    | . binop
   10    | . NUMBER
   11    | . ID
   12    | . LSUP stm stm RSUP
   13 binop: . stm LOPER ADD ROPER stm
   14      | . stm LOPER EQ ROPER stm
   15      | . stm LOPER SUB ROPER stm
   16      | . stm LOPER MUL ROPER stm
   17      | . stm LOPER DIV ROPER stm

    NUMBER   сдвиг, и переход в состояние 1
    ID       сдвиг, и переход в состояние 2
    LNUM     сдвиг, и переход в состояние 3
    LID      сдвиг, и переход в состояние 4
    LROW     сдвиг, и переход в состояние 5
    LFRAC    сдвиг, и переход в состояние 6
    LSUP     сдвиг, и переход в состояние 7
    LFENCED  сдвиг, и переход в состояние 8

    list   переход в состояние 17
    stm    переход в состояние 10
    binop  переход в состояние 11


State 9

    0 $accept: list . $end
    2 list: list . stm
    3 stm: . LNUM stm RNUM
    4    | . LID stm RID
    5    | . LFRAC stm stm RFRAC
    6    | . LFENCED list RFENCED
    7    | . LROW list RROW
    8    | . LROW list RROW END_OF_FILE
    9    | . binop
   10    | . NUMBER
   11    | . ID
   12    | . LSUP stm stm RSUP
   13 binop: . stm LOPER ADD ROPER stm
   14      | . stm LOPER EQ ROPER stm
   15      | . stm LOPER SUB ROPER stm
   16      | . stm LOPER MUL ROPER stm
   17      | . stm LOPER DIV ROPER stm

    $end     сдвиг, и переход в состояние 18
    NUMBER   сдвиг, и переход в состояние 1
    ID       сдвиг, и переход в состояние 2
    LNUM     сдвиг, и переход в состояние 3
    LID      сдвиг, и переход в состояние 4
    LROW     сдвиг, и переход в состояние 5
    LFRAC    сдвиг, и переход в состояние 6
    LSUP     сдвиг, и переход в состояние 7
    LFENCED  сдвиг, и переход в состояние 8

    stm    переход в состояние 19
    binop  переход в состояние 11


State 10

    1 list: stm .  [$end, NUMBER, ID, LNUM, LID, LROW, RROW, LFRAC, LSUP, LFENCED, RFENCED]
   13 binop: stm . LOPER ADD ROPER stm
   14      | stm . LOPER EQ ROPER stm
   15      | stm . LOPER SUB ROPER stm
   16      | stm . LOPER MUL ROPER stm
   17      | stm . LOPER DIV ROPER stm

    LOPER  сдвиг, и переход в состояние 20

    $default  вывод с использованием правила 1 (list)


State 11

    9 stm: binop .

    $default  вывод с использованием правила 9 (stm)


State 12

    3 stm: LNUM stm . RNUM
   13 binop: stm . LOPER ADD ROPER stm
   14      | stm . LOPER EQ ROPER stm
   15      | stm . LOPER SUB ROPER stm
   16      | stm . LOPER MUL ROPER stm
   17      | stm . LOPER DIV ROPER stm

    LOPER  сдвиг, и переход в состояние 20
    RNUM   сдвиг, и переход в состояние 21


State 13

    4 stm: LID stm . RID
   13 binop: stm . LOPER ADD ROPER stm
   14      | stm . LOPER EQ ROPER stm
   15      | stm . LOPER SUB ROPER stm
   16      | stm . LOPER MUL ROPER stm
   17      | stm . LOPER DIV ROPER stm

    LOPER  сдвиг, и переход в состояние 20
    RID    сдвиг, и переход в состояние 22


State 14

    2 list: list . stm
    3 stm: . LNUM stm RNUM
    4    | . LID stm RID
    5    | . LFRAC stm stm RFRAC
    6    | . LFENCED list RFENCED
    7    | . LROW list RROW
    7    | LROW list . RROW
    8    | . LROW list RROW END_OF_FILE
    8    | LROW list . RROW END_OF_FILE
    9    | . binop
   10    | . NUMBER
   11    | . ID
   12    | . LSUP stm stm RSUP
   13 binop: . stm LOPER ADD ROPER stm
   14      | . stm LOPER EQ ROPER stm
   15      | . stm LOPER SUB ROPER stm
   16      | . stm LOPER MUL ROPER stm
   17      | . stm LOPER DIV ROPER stm

    NUMBER   сдвиг, и переход в состояние 1
    ID       сдвиг, и переход в состояние 2
    LNUM     сдвиг, и переход в состояние 3
    LID      сдвиг, и переход в состояние 4
    LROW     сдвиг, и переход в состояние 5
    RROW     сдвиг, и переход в состояние 23
    LFRAC    сдвиг, и переход в состояние 6
    LSUP     сдвиг, и переход в состояние 7
    LFENCED  сдвиг, и переход в состояние 8

    stm    переход в состояние 19
    binop  переход в состояние 11


State 15

    3 stm: . LNUM stm RNUM
    4    | . LID stm RID
    5    | . LFRAC stm stm RFRAC
    5    | LFRAC stm . stm RFRAC
    6    | . LFENCED list RFENCED
    7    | . LROW list RROW
    8    | . LROW list RROW END_OF_FILE
    9    | . binop
   10    | . NUMBER
   11    | . ID
   12    | . LSUP stm stm RSUP
   13 binop: . stm LOPER ADD ROPER stm
   13      | stm . LOPER ADD ROPER stm
   14      | . stm LOPER EQ ROPER stm
   14      | stm . LOPER EQ ROPER stm
   15      | . stm LOPER SUB ROPER stm
   15      | stm . LOPER SUB ROPER stm
   16      | . stm LOPER MUL ROPER stm
   16      | stm . LOPER MUL ROPER stm
   17      | . stm LOPER DIV ROPER stm
   17      | stm . LOPER DIV ROPER stm

    NUMBER   сдвиг, и переход в состояние 1
    ID       сдвиг, и переход в состояние 2
    LOPER    сдвиг, и переход в состояние 20
    LNUM     сдвиг, и переход в состояние 3
    LID      сдвиг, и переход в состояние 4
    LROW     сдвиг, и переход в состояние 5
    LFRAC    сдвиг, и переход в состояние 6
    LSUP     сдвиг, и переход в состояние 7
    LFENCED  сдвиг, и переход в состояние 8

    stm    переход в состояние 24
    binop  переход в состояние 11


State 16

    3 stm: . LNUM stm RNUM
    4    | . LID stm RID
    5    | . LFRAC stm stm RFRAC
    6    | . LFENCED list RFENCED
    7    | . LROW list RROW
    8    | . LROW list RROW END_OF_FILE
    9    | . binop
   10    | . NUMBER
   11    | . ID
   12    | . LSUP stm stm RSUP
   12    | LSUP stm . stm RSUP
   13 binop: . stm LOPER ADD ROPER stm
   13      | stm . LOPER ADD ROPER stm
   14      | . stm LOPER EQ ROPER stm
   14      | stm . LOPER EQ ROPER stm
   15      | . stm LOPER SUB ROPER stm
   15      | stm . LOPER SUB ROPER stm
   16      | . stm LOPER MUL ROPER stm
   16      | stm . LOPER MUL ROPER stm
   17      | . stm LOPER DIV ROPER stm
   17      | stm . LOPER DIV ROPER stm

    NUMBER   сдвиг, и переход в состояние 1
    ID       сдвиг, и переход в состояние 2
    LOPER    сдвиг, и переход в состояние 20
    LNUM     сдвиг, и переход в состояние 3
    LID      сдвиг, и переход в состояние 4
    LROW     сдвиг, и переход в состояние 5
    LFRAC    сдвиг, и переход в состояние 6
    LSUP     сдвиг, и переход в состояние 7
    LFENCED  сдвиг, и переход в состояние 8

    stm    переход в состояние 25
    binop  переход в состояние 11


State 17

    2 list: list . stm
    3 stm: . LNUM stm RNUM
    4    | . LID stm RID
    5    | . LFRAC stm stm RFRAC
    6    | . LFENCED list RFENCED
    6    | LFENCED list . RFENCED
    7    | . LROW list RROW
    8    | . LROW list RROW END_OF_FILE
    9    | . binop
   10    | . NUMBER
   11    | . ID
   12    | . LSUP stm stm RSUP
   13 binop: . stm LOPER ADD ROPER stm
   14      | . stm LOPER EQ ROPER stm
   15      | . stm LOPER SUB ROPER stm
   16      | . stm LOPER MUL ROPER stm
   17      | . stm LOPER DIV ROPER stm

    NUMBER   сдвиг, и переход в состояние 1
    ID       сдвиг, и переход в состояние 2
    LNUM     сдвиг, и переход в состояние 3
    LID      сдвиг, и переход в состояние 4
    LROW     сдвиг, и переход в состояние 5
    LFRAC    сдвиг, и переход в состояние 6
    LSUP     сдвиг, и переход в состояние 7
    LFENCED  сдвиг, и переход в состояние 8
    RFENCED  сдвиг, и переход в состояние 26

    stm    переход в состояние 19
    binop  переход в состояние 11


State 18

    0 $accept: list $end .

    $default  принять


State 19

    2 list: list stm .  [$end, NUMBER, ID, LNUM, LID, LROW, RROW, LFRAC, LSUP, LFENCED, RFENCED]
   13 binop: stm . LOPER ADD ROPER stm
   14      | stm . LOPER EQ ROPER stm
   15      | stm . LOPER SUB ROPER stm
   16      | stm . LOPER MUL ROPER stm
   17      | stm . LOPER DIV ROPER stm

    LOPER  сдвиг, и переход в состояние 20

    $default  вывод с использованием правила 2 (list)


State 20

   13 binop: stm LOPER . ADD ROPER stm
   14      | stm LOPER . EQ ROPER stm
   15      | stm LOPER . SUB ROPER stm
   16      | stm LOPER . MUL ROPER stm
   17      | stm LOPER . DIV ROPER stm

    ADD  сдвиг, и переход в состояние 27
    MUL  сдвиг, и переход в состояние 28
    SUB  сдвиг, и переход в состояние 29
    DIV  сдвиг, и переход в состояние 30
    EQ   сдвиг, и переход в состояние 31


State 21

    3 stm: LNUM stm RNUM .

    $default  вывод с использованием правила 3 (stm)


State 22

    4 stm: LID stm RID .

    $default  вывод с использованием правила 4 (stm)


State 23

    7 stm: LROW list RROW .  [$end, NUMBER, ID, LOPER, LNUM, RNUM, LID, RID, LROW, RROW, LFRAC, RFRAC, LSUP, RSUP, LFENCED, RFENCED]
    8    | LROW list RROW . END_OF_FILE

    END_OF_FILE  сдвиг, и переход в состояние 32

    $default  вывод с использованием правила 7 (stm)


State 24

    5 stm: LFRAC stm stm . RFRAC
   13 binop: stm . LOPER ADD ROPER stm
   14      | stm . LOPER EQ ROPER stm
   15      | stm . LOPER SUB ROPER stm
   16      | stm . LOPER MUL ROPER stm
   17      | stm . LOPER DIV ROPER stm

    LOPER  сдвиг, и переход в состояние 20
    RFRAC  сдвиг, и переход в состояние 33


State 25

   12 stm: LSUP stm stm . RSUP
   13 binop: stm . LOPER ADD ROPER stm
   14      | stm . LOPER EQ ROPER stm
   15      | stm . LOPER SUB ROPER stm
   16      | stm . LOPER MUL ROPER stm
   17      | stm . LOPER DIV ROPER stm

    LOPER  сдвиг, и переход в состояние 20
    RSUP   сдвиг, и переход в состояние 34


State 26

    6 stm: LFENCED list RFENCED .

    $default  вывод с использованием правила 6 (stm)


State 27

   13 binop: stm LOPER ADD . ROPER stm

    ROPER  сдвиг, и переход в состояние 35


State 28

   16 binop: stm LOPER MUL . ROPER stm

    ROPER  сдвиг, и переход в состояние 36


State 29

   15 binop: stm LOPER SUB . ROPER stm

    ROPER  сдвиг, и переход в состояние 37


State 30

   17 binop: stm LOPER DIV . ROPER stm

    ROPER  сдвиг, и переход в состояние 38


State 31

   14 binop: stm LOPER EQ . ROPER stm

    ROPER  сдвиг, и переход в состояние 39


State 32

    8 stm: LROW list RROW END_OF_FILE .

    $default  вывод с использованием правила 8 (stm)


State 33

    5 stm: LFRAC stm stm RFRAC .

    $default  вывод с использованием правила 5 (stm)


State 34

   12 stm: LSUP stm stm RSUP .

    $default  вывод с использованием правила 12 (stm)


State 35

    3 stm: . LNUM stm RNUM
    4    | . LID stm RID
    5    | . LFRAC stm stm RFRAC
    6    | . LFENCED list RFENCED
    7    | . LROW list RROW
    8    | . LROW list RROW END_OF_FILE
    9    | . binop
   10    | . NUMBER
   11    | . ID
   12    | . LSUP stm stm RSUP
   13 binop: . stm LOPER ADD ROPER stm
   13      | stm LOPER ADD ROPER . stm
   14      | . stm LOPER EQ ROPER stm
   15      | . stm LOPER SUB ROPER stm
   16      | . stm LOPER MUL ROPER stm
   17      | . stm LOPER DIV ROPER stm

    NUMBER   сдвиг, и переход в состояние 1
    ID       сдвиг, и переход в состояние 2
    LNUM     сдвиг, и переход в состояние 3
    LID      сдвиг, и переход в состояние 4
    LROW     сдвиг, и переход в состояние 5
    LFRAC    сдвиг, и переход в состояние 6
    LSUP     сдвиг, и переход в состояние 7
    LFENCED  сдвиг, и переход в состояние 8

    stm    переход в состояние 40
    binop  переход в состояние 11


State 36

    3 stm: . LNUM stm RNUM
    4    | . LID stm RID
    5    | . LFRAC stm stm RFRAC
    6    | . LFENCED list RFENCED
    7    | . LROW list RROW
    8    | . LROW list RROW END_OF_FILE
    9    | . binop
   10    | . NUMBER
   11    | . ID
   12    | . LSUP stm stm RSUP
   13 binop: . stm LOPER ADD ROPER stm
   14      | . stm LOPER EQ ROPER stm
   15      | . stm LOPER SUB ROPER stm
   16      | . stm LOPER MUL ROPER stm
   16      | stm LOPER MUL ROPER . stm
   17      | . stm LOPER DIV ROPER stm

    NUMBER   сдвиг, и переход в состояние 1
    ID       сдвиг, и переход в состояние 2
    LNUM     сдвиг, и переход в состояние 3
    LID      сдвиг, и переход в состояние 4
    LROW     сдвиг, и переход в состояние 5
    LFRAC    сдвиг, и переход в состояние 6
    LSUP     сдвиг, и переход в состояние 7
    LFENCED  сдвиг, и переход в состояние 8

    stm    переход в состояние 41
    binop  переход в состояние 11


State 37

    3 stm: . LNUM stm RNUM
    4    | . LID stm RID
    5    | . LFRAC stm stm RFRAC
    6    | . LFENCED list RFENCED
    7    | . LROW list RROW
    8    | . LROW list RROW END_OF_FILE
    9    | . binop
   10    | . NUMBER
   11    | . ID
   12    | . LSUP stm stm RSUP
   13 binop: . stm LOPER ADD ROPER stm
   14      | . stm LOPER EQ ROPER stm
   15      | . stm LOPER SUB ROPER stm
   15      | stm LOPER SUB ROPER . stm
   16      | . stm LOPER MUL ROPER stm
   17      | . stm LOPER DIV ROPER stm

    NUMBER   сдвиг, и переход в состояние 1
    ID       сдвиг, и переход в состояние 2
    LNUM     сдвиг, и переход в состояние 3
    LID      сдвиг, и переход в состояние 4
    LROW     сдвиг, и переход в состояние 5
    LFRAC    сдвиг, и переход в состояние 6
    LSUP     сдвиг, и переход в состояние 7
    LFENCED  сдвиг, и переход в состояние 8

    stm    переход в состояние 42
    binop  переход в состояние 11


State 38

    3 stm: . LNUM stm RNUM
    4    | . LID stm RID
    5    | . LFRAC stm stm RFRAC
    6    | . LFENCED list RFENCED
    7    | . LROW list RROW
    8    | . LROW list RROW END_OF_FILE
    9    | . binop
   10    | . NUMBER
   11    | . ID
   12    | . LSUP stm stm RSUP
   13 binop: . stm LOPER ADD ROPER stm
   14      | . stm LOPER EQ ROPER stm
   15      | . stm LOPER SUB ROPER stm
   16      | . stm LOPER MUL ROPER stm
   17      | . stm LOPER DIV ROPER stm
   17      | stm LOPER DIV ROPER . stm

    NUMBER   сдвиг, и переход в состояние 1
    ID       сдвиг, и переход в состояние 2
    LNUM     сдвиг, и переход в состояние 3
    LID      сдвиг, и переход в состояние 4
    LROW     сдвиг, и переход в состояние 5
    LFRAC    сдвиг, и переход в состояние 6
    LSUP     сдвиг, и переход в состояние 7
    LFENCED  сдвиг, и переход в состояние 8

    stm    переход в состояние 43
    binop  переход в состояние 11


State 39

    3 stm: . LNUM stm RNUM
    4    | . LID stm RID
    5    | . LFRAC stm stm RFRAC
    6    | . LFENCED list RFENCED
    7    | . LROW list RROW
    8    | . LROW list RROW END_OF_FILE
    9    | . binop
   10    | . NUMBER
   11    | . ID
   12    | . LSUP stm stm RSUP
   13 binop: . stm LOPER ADD ROPER stm
   14      | . stm LOPER EQ ROPER stm
   14      | stm LOPER EQ ROPER . stm
   15      | . stm LOPER SUB ROPER stm
   16      | . stm LOPER MUL ROPER stm
   17      | . stm LOPER DIV ROPER stm

    NUMBER   сдвиг, и переход в состояние 1
    ID       сдвиг, и переход в состояние 2
    LNUM     сдвиг, и переход в состояние 3
    LID      сдвиг, и переход в состояние 4
    LROW     сдвиг, и переход в состояние 5
    LFRAC    сдвиг, и переход в состояние 6
    LSUP     сдвиг, и переход в состояние 7
    LFENCED  сдвиг, и переход в состояние 8

    stm    переход в состояние 44
    binop  переход в состояние 11


State 40

   13 binop: stm . LOPER ADD ROPER stm
   13      | stm LOPER ADD ROPER stm .  [$end, NUMBER, ID, LOPER, LNUM, RNUM, LID, RID, LROW, RROW, LFRAC, RFRAC, LSUP, RSUP, LFENCED, RFENCED]
   14      | stm . LOPER EQ ROPER stm
   15      | stm . LOPER SUB ROPER stm
   16      | stm . LOPER MUL ROPER stm
   17      | stm . LOPER DIV ROPER stm

    $default  вывод с использованием правила 13 (binop)

    Конфликт между правилом 13 и лексемой LOPER разрешен выводом (%left LOPER).


State 41

   13 binop: stm . LOPER ADD ROPER stm
   14      | stm . LOPER EQ ROPER stm
   15      | stm . LOPER SUB ROPER stm
   16      | stm . LOPER MUL ROPER stm
   16      | stm LOPER MUL ROPER stm .  [$end, NUMBER, ID, LOPER, LNUM, RNUM, LID, RID, LROW, RROW, LFRAC, RFRAC, LSUP, RSUP, LFENCED, RFENCED]
   17      | stm . LOPER DIV ROPER stm

    $default  вывод с использованием правила 16 (binop)

    Конфликт между правилом 16 и лексемой LOPER разрешен выводом (%left LOPER).


State 42

   13 binop: stm . LOPER ADD ROPER stm
   14      | stm . LOPER EQ ROPER stm
   15      | stm . LOPER SUB ROPER stm
   15      | stm LOPER SUB ROPER stm .  [$end, NUMBER, ID, LOPER, LNUM, RNUM, LID, RID, LROW, RROW, LFRAC, RFRAC, LSUP, RSUP, LFENCED, RFENCED]
   16      | stm . LOPER MUL ROPER stm
   17      | stm . LOPER DIV ROPER stm

    $default  вывод с использованием правила 15 (binop)

    Конфликт между правилом 15 и лексемой LOPER разрешен выводом (%left LOPER).


State 43

   13 binop: stm . LOPER ADD ROPER stm
   14      | stm . LOPER EQ ROPER stm
   15      | stm . LOPER SUB ROPER stm
   16      | stm . LOPER MUL ROPER stm
   17      | stm . LOPER DIV ROPER stm
   17      | stm LOPER DIV ROPER stm .  [$end, NUMBER, ID, LOPER, LNUM, RNUM, LID, RID, LROW, RROW, LFRAC, RFRAC, LSUP, RSUP, LFENCED, RFENCED]

    $default  вывод с использованием правила 17 (binop)

    Конфликт между правилом 17 и лексемой LOPER разрешен выводом (%left LOPER).


State 44

   13 binop: stm . LOPER ADD ROPER stm
   14      | stm . LOPER EQ ROPER stm
   14      | stm LOPER EQ ROPER stm .  [$end, NUMBER, ID, LOPER, LNUM, RNUM, LID, RID, LROW, RROW, LFRAC, RFRAC, LSUP, RSUP, LFENCED, RFENCED]
   15      | stm . LOPER SUB ROPER stm
   16      | stm . LOPER MUL ROPER stm
   17      | stm . LOPER DIV ROPER stm

    $default  вывод с использованием правила 14 (binop)

    Конфликт между правилом 14 и лексемой LOPER разрешен выводом (%left LOPER).
