Терминалы не используются в грамматике

   MUL
   SUB
   DIV
   LROOT
   RROT
   LSQRT
   RSQRT
   LSUP
   RSUP


Состояние 27 конфликты: 1 сдвига/вывода
Состояние 28 конфликты: 1 сдвига/вывода


Грамматика

    0 $accept: list $end

    1 list: stm
    2     | list stm

    3 stm: LNUM stm RNUM
    4    | LID stm RID
    5    | LFRAC LROW list RROW LROW list RROW RFRAC
    6    | LROW list RROW
    7    | binop
    8    | NUMBER
    9    | ID

   10 binop: stm LOPER ADD ROPER stm
   11      | stm LOPER EQ ROPER stm


Терминальные символы с правилами, в которых они появляются

$end (0) 0
error (256)
NUMBER (258) 8
ID (259) 9
ADD (260) 10
MUL (261)
SUB (262)
DIV (263)
EQ (264) 11
LOPER (265) 10 11
ROPER (266) 10 11
LNUM (267) 3
RNUM (268) 3
LID (269) 4
RID (270) 4
LROW (271) 5 6
RROW (272) 5 6
LROOT (273)
RROT (274)
LFRAC (275) 5
RFRAC (276) 5
LSQRT (277)
RSQRT (278)
LSUP (279)
RSUP (280)


Нетерминальные символы с правилами, в которых они появляются

$accept (26)
    налево: 0
list (27)
    налево: 1 2, направо: 0 2 5 6
stm (28)
    налево: 3 4 5 6 7 8 9, направо: 1 2 3 4 10 11
binop (29)
    налево: 10 11, направо: 7


State 0

    0 $accept: . list $end
    1 list: . stm
    2     | . list stm
    3 stm: . LNUM stm RNUM
    4    | . LID stm RID
    5    | . LFRAC LROW list RROW LROW list RROW RFRAC
    6    | . LROW list RROW
    7    | . binop
    8    | . NUMBER
    9    | . ID
   10 binop: . stm LOPER ADD ROPER stm
   11      | . stm LOPER EQ ROPER stm

    NUMBER  сдвиг, и переход в состояние 1
    ID      сдвиг, и переход в состояние 2
    LNUM    сдвиг, и переход в состояние 3
    LID     сдвиг, и переход в состояние 4
    LROW    сдвиг, и переход в состояние 5
    LFRAC   сдвиг, и переход в состояние 6

    list   переход в состояние 7
    stm    переход в состояние 8
    binop  переход в состояние 9


State 1

    8 stm: NUMBER .

    $default  вывод с использованием правила 8 (stm)


State 2

    9 stm: ID .

    $default  вывод с использованием правила 9 (stm)


State 3

    3 stm: . LNUM stm RNUM
    3    | LNUM . stm RNUM
    4    | . LID stm RID
    5    | . LFRAC LROW list RROW LROW list RROW RFRAC
    6    | . LROW list RROW
    7    | . binop
    8    | . NUMBER
    9    | . ID
   10 binop: . stm LOPER ADD ROPER stm
   11      | . stm LOPER EQ ROPER stm

    NUMBER  сдвиг, и переход в состояние 1
    ID      сдвиг, и переход в состояние 2
    LNUM    сдвиг, и переход в состояние 3
    LID     сдвиг, и переход в состояние 4
    LROW    сдвиг, и переход в состояние 5
    LFRAC   сдвиг, и переход в состояние 6

    stm    переход в состояние 10
    binop  переход в состояние 9


State 4

    3 stm: . LNUM stm RNUM
    4    | . LID stm RID
    4    | LID . stm RID
    5    | . LFRAC LROW list RROW LROW list RROW RFRAC
    6    | . LROW list RROW
    7    | . binop
    8    | . NUMBER
    9    | . ID
   10 binop: . stm LOPER ADD ROPER stm
   11      | . stm LOPER EQ ROPER stm

    NUMBER  сдвиг, и переход в состояние 1
    ID      сдвиг, и переход в состояние 2
    LNUM    сдвиг, и переход в состояние 3
    LID     сдвиг, и переход в состояние 4
    LROW    сдвиг, и переход в состояние 5
    LFRAC   сдвиг, и переход в состояние 6

    stm    переход в состояние 11
    binop  переход в состояние 9


State 5

    1 list: . stm
    2     | . list stm
    3 stm: . LNUM stm RNUM
    4    | . LID stm RID
    5    | . LFRAC LROW list RROW LROW list RROW RFRAC
    6    | . LROW list RROW
    6    | LROW . list RROW
    7    | . binop
    8    | . NUMBER
    9    | . ID
   10 binop: . stm LOPER ADD ROPER stm
   11      | . stm LOPER EQ ROPER stm

    NUMBER  сдвиг, и переход в состояние 1
    ID      сдвиг, и переход в состояние 2
    LNUM    сдвиг, и переход в состояние 3
    LID     сдвиг, и переход в состояние 4
    LROW    сдвиг, и переход в состояние 5
    LFRAC   сдвиг, и переход в состояние 6

    list   переход в состояние 12
    stm    переход в состояние 8
    binop  переход в состояние 9


State 6

    5 stm: LFRAC . LROW list RROW LROW list RROW RFRAC

    LROW  сдвиг, и переход в состояние 13


State 7

    0 $accept: list . $end
    2 list: list . stm
    3 stm: . LNUM stm RNUM
    4    | . LID stm RID
    5    | . LFRAC LROW list RROW LROW list RROW RFRAC
    6    | . LROW list RROW
    7    | . binop
    8    | . NUMBER
    9    | . ID
   10 binop: . stm LOPER ADD ROPER stm
   11      | . stm LOPER EQ ROPER stm

    $end    сдвиг, и переход в состояние 14
    NUMBER  сдвиг, и переход в состояние 1
    ID      сдвиг, и переход в состояние 2
    LNUM    сдвиг, и переход в состояние 3
    LID     сдвиг, и переход в состояние 4
    LROW    сдвиг, и переход в состояние 5
    LFRAC   сдвиг, и переход в состояние 6

    stm    переход в состояние 15
    binop  переход в состояние 9


State 8

    1 list: stm .  [$end, NUMBER, ID, LNUM, LID, LROW, RROW, LFRAC]
   10 binop: stm . LOPER ADD ROPER stm
   11      | stm . LOPER EQ ROPER stm

    LOPER  сдвиг, и переход в состояние 16

    $default  вывод с использованием правила 1 (list)


State 9

    7 stm: binop .

    $default  вывод с использованием правила 7 (stm)


State 10

    3 stm: LNUM stm . RNUM
   10 binop: stm . LOPER ADD ROPER stm
   11      | stm . LOPER EQ ROPER stm

    LOPER  сдвиг, и переход в состояние 16
    RNUM   сдвиг, и переход в состояние 17


State 11

    4 stm: LID stm . RID
   10 binop: stm . LOPER ADD ROPER stm
   11      | stm . LOPER EQ ROPER stm

    LOPER  сдвиг, и переход в состояние 16
    RID    сдвиг, и переход в состояние 18


State 12

    2 list: list . stm
    3 stm: . LNUM stm RNUM
    4    | . LID stm RID
    5    | . LFRAC LROW list RROW LROW list RROW RFRAC
    6    | . LROW list RROW
    6    | LROW list . RROW
    7    | . binop
    8    | . NUMBER
    9    | . ID
   10 binop: . stm LOPER ADD ROPER stm
   11      | . stm LOPER EQ ROPER stm

    NUMBER  сдвиг, и переход в состояние 1
    ID      сдвиг, и переход в состояние 2
    LNUM    сдвиг, и переход в состояние 3
    LID     сдвиг, и переход в состояние 4
    LROW    сдвиг, и переход в состояние 5
    RROW    сдвиг, и переход в состояние 19
    LFRAC   сдвиг, и переход в состояние 6

    stm    переход в состояние 15
    binop  переход в состояние 9


State 13

    1 list: . stm
    2     | . list stm
    3 stm: . LNUM stm RNUM
    4    | . LID stm RID
    5    | . LFRAC LROW list RROW LROW list RROW RFRAC
    5    | LFRAC LROW . list RROW LROW list RROW RFRAC
    6    | . LROW list RROW
    7    | . binop
    8    | . NUMBER
    9    | . ID
   10 binop: . stm LOPER ADD ROPER stm
   11      | . stm LOPER EQ ROPER stm

    NUMBER  сдвиг, и переход в состояние 1
    ID      сдвиг, и переход в состояние 2
    LNUM    сдвиг, и переход в состояние 3
    LID     сдвиг, и переход в состояние 4
    LROW    сдвиг, и переход в состояние 5
    LFRAC   сдвиг, и переход в состояние 6

    list   переход в состояние 20
    stm    переход в состояние 8
    binop  переход в состояние 9


State 14

    0 $accept: list $end .

    $default  принять


State 15

    2 list: list stm .  [$end, NUMBER, ID, LNUM, LID, LROW, RROW, LFRAC]
   10 binop: stm . LOPER ADD ROPER stm
   11      | stm . LOPER EQ ROPER stm

    LOPER  сдвиг, и переход в состояние 16

    $default  вывод с использованием правила 2 (list)


State 16

   10 binop: stm LOPER . ADD ROPER stm
   11      | stm LOPER . EQ ROPER stm

    ADD  сдвиг, и переход в состояние 21
    EQ   сдвиг, и переход в состояние 22


State 17

    3 stm: LNUM stm RNUM .

    $default  вывод с использованием правила 3 (stm)


State 18

    4 stm: LID stm RID .

    $default  вывод с использованием правила 4 (stm)


State 19

    6 stm: LROW list RROW .

    $default  вывод с использованием правила 6 (stm)


State 20

    2 list: list . stm
    3 stm: . LNUM stm RNUM
    4    | . LID stm RID
    5    | . LFRAC LROW list RROW LROW list RROW RFRAC
    5    | LFRAC LROW list . RROW LROW list RROW RFRAC
    6    | . LROW list RROW
    7    | . binop
    8    | . NUMBER
    9    | . ID
   10 binop: . stm LOPER ADD ROPER stm
   11      | . stm LOPER EQ ROPER stm

    NUMBER  сдвиг, и переход в состояние 1
    ID      сдвиг, и переход в состояние 2
    LNUM    сдвиг, и переход в состояние 3
    LID     сдвиг, и переход в состояние 4
    LROW    сдвиг, и переход в состояние 5
    RROW    сдвиг, и переход в состояние 23
    LFRAC   сдвиг, и переход в состояние 6

    stm    переход в состояние 15
    binop  переход в состояние 9


State 21

   10 binop: stm LOPER ADD . ROPER stm

    ROPER  сдвиг, и переход в состояние 24


State 22

   11 binop: stm LOPER EQ . ROPER stm

    ROPER  сдвиг, и переход в состояние 25


State 23

    5 stm: LFRAC LROW list RROW . LROW list RROW RFRAC

    LROW  сдвиг, и переход в состояние 26


State 24

    3 stm: . LNUM stm RNUM
    4    | . LID stm RID
    5    | . LFRAC LROW list RROW LROW list RROW RFRAC
    6    | . LROW list RROW
    7    | . binop
    8    | . NUMBER
    9    | . ID
   10 binop: . stm LOPER ADD ROPER stm
   10      | stm LOPER ADD ROPER . stm
   11      | . stm LOPER EQ ROPER stm

    NUMBER  сдвиг, и переход в состояние 1
    ID      сдвиг, и переход в состояние 2
    LNUM    сдвиг, и переход в состояние 3
    LID     сдвиг, и переход в состояние 4
    LROW    сдвиг, и переход в состояние 5
    LFRAC   сдвиг, и переход в состояние 6

    stm    переход в состояние 27
    binop  переход в состояние 9


State 25

    3 stm: . LNUM stm RNUM
    4    | . LID stm RID
    5    | . LFRAC LROW list RROW LROW list RROW RFRAC
    6    | . LROW list RROW
    7    | . binop
    8    | . NUMBER
    9    | . ID
   10 binop: . stm LOPER ADD ROPER stm
   11      | . stm LOPER EQ ROPER stm
   11      | stm LOPER EQ ROPER . stm

    NUMBER  сдвиг, и переход в состояние 1
    ID      сдвиг, и переход в состояние 2
    LNUM    сдвиг, и переход в состояние 3
    LID     сдвиг, и переход в состояние 4
    LROW    сдвиг, и переход в состояние 5
    LFRAC   сдвиг, и переход в состояние 6

    stm    переход в состояние 28
    binop  переход в состояние 9


State 26

    1 list: . stm
    2     | . list stm
    3 stm: . LNUM stm RNUM
    4    | . LID stm RID
    5    | . LFRAC LROW list RROW LROW list RROW RFRAC
    5    | LFRAC LROW list RROW LROW . list RROW RFRAC
    6    | . LROW list RROW
    7    | . binop
    8    | . NUMBER
    9    | . ID
   10 binop: . stm LOPER ADD ROPER stm
   11      | . stm LOPER EQ ROPER stm

    NUMBER  сдвиг, и переход в состояние 1
    ID      сдвиг, и переход в состояние 2
    LNUM    сдвиг, и переход в состояние 3
    LID     сдвиг, и переход в состояние 4
    LROW    сдвиг, и переход в состояние 5
    LFRAC   сдвиг, и переход в состояние 6

    list   переход в состояние 29
    stm    переход в состояние 8
    binop  переход в состояние 9


State 27

   10 binop: stm . LOPER ADD ROPER stm
   10      | stm LOPER ADD ROPER stm .  [$end, NUMBER, ID, LOPER, LNUM, RNUM, LID, RID, LROW, RROW, LFRAC]
   11      | stm . LOPER EQ ROPER stm

    LOPER  сдвиг, и переход в состояние 16

    LOPER     [вывод с использованием правила 10 (binop)]
    $default  вывод с использованием правила 10 (binop)


State 28

   10 binop: stm . LOPER ADD ROPER stm
   11      | stm . LOPER EQ ROPER stm
   11      | stm LOPER EQ ROPER stm .  [$end, NUMBER, ID, LOPER, LNUM, RNUM, LID, RID, LROW, RROW, LFRAC]

    LOPER  сдвиг, и переход в состояние 16

    LOPER     [вывод с использованием правила 11 (binop)]
    $default  вывод с использованием правила 11 (binop)


State 29

    2 list: list . stm
    3 stm: . LNUM stm RNUM
    4    | . LID stm RID
    5    | . LFRAC LROW list RROW LROW list RROW RFRAC
    5    | LFRAC LROW list RROW LROW list . RROW RFRAC
    6    | . LROW list RROW
    7    | . binop
    8    | . NUMBER
    9    | . ID
   10 binop: . stm LOPER ADD ROPER stm
   11      | . stm LOPER EQ ROPER stm

    NUMBER  сдвиг, и переход в состояние 1
    ID      сдвиг, и переход в состояние 2
    LNUM    сдвиг, и переход в состояние 3
    LID     сдвиг, и переход в состояние 4
    LROW    сдвиг, и переход в состояние 5
    RROW    сдвиг, и переход в состояние 30
    LFRAC   сдвиг, и переход в состояние 6

    stm    переход в состояние 15
    binop  переход в состояние 9


State 30

    5 stm: LFRAC LROW list RROW LROW list RROW . RFRAC

    RFRAC  сдвиг, и переход в состояние 31


State 31

    5 stm: LFRAC LROW list RROW LROW list RROW RFRAC .

    $default  вывод с использованием правила 5 (stm)
